[90m2025-03-01T01:05:09.783Z[39m [96mINFO[39m [97m@wdio/browserstack-service[39m BrowserStack service started with id: d4e36a71-6e98-4183-82f1-067fa65fff08
[90m2025-03-01T01:05:09.795Z[39m [32mDEBUG[39m [97m@wdio/browserstack-service[39m Sending SDK event with data {
  userName: '[REDACTED]',
  accessKey: '[REDACTED]',
  event_type: 'SDKTestAttempted',
  detectedFramework: 'WebdriverIO-mocha',
  event_properties: {
    sdkRunId: 'd4e36a71-6e98-4183-82f1-067fa65fff08',
    testhub_uuid: undefined,
    language_framework: 'WebdriverIO_mocha',
    referrer: 'WebdriverIO-mocha/9.10.0',
    language: 'WebdriverIO',
    languageVersion: 'v22.5.1',
    buildName: 'undefined',
    buildIdentifier: 'undefined',
    os: 'Windows_NT',
    hostname: 'ASUS',
    productMap: {
      observability: true,
      accessibility: false,
      percy: false,
      automate: true,
      app_automate: false
    },
    product: [ 'observability', 'automate' ],
    framework: 'mocha'
  }
}
[90m2025-03-01T01:05:10.469Z[39m [32mDEBUG[39m [97m@wdio/browserstack-service[39m Funnel Event Response: "{\"message\":\"SDK Event recorded successfully\"}"
[90m2025-03-01T01:05:10.469Z[39m [32mDEBUG[39m [97m@wdio/browserstack-service[39m Funnel event success
[90m2025-03-01T01:05:10.469Z[39m [32mDEBUG[39m [97m@wdio/browserstack-service[39m app is not defined in browserstack-service config, skipping ...
[90m2025-03-01T01:05:10.470Z[39m [32mDEBUG[39m [97m@wdio/browserstack-service[39m Sending launch start event
[90m2025-03-01T01:05:11.191Z[39m [32mDEBUG[39m [97m@wdio/browserstack-service[39m [Start_Build] Success response: {"observability":{"success":true,"options":{"allow_screenshots":true},"code":null,"errors":null,"error_trace_id":null},"accessibility":null,"automate":{"success":true,"options":{"allow_screenshots":true},"code":null,"errors":null,"error_trace_id":null},"build_hashed_id":"dpngwi4we6pshx14bbvv6zteqwweucyawlywgiwp","jwt":"eyJhbGciOiJIUzI1NiJ9.eyJpc3MiOiJicm93c2Vyc3RhY2tfb2IiLCJzdWIiOiI5NDcyOTEyIiwiZ3JvdXBfaWQiOjkzODE5NzQsInVzZXJfaWQiOjk0NzI5MTIsImJ1aWxkX2hhc2hlZF9pZCI6ImRwbmd3aTR3ZTZwc2h4MTRiYnZ2Nnp0ZXF3d2V1Y3lhd2x5d2dpd3AiLCJob29rX2FzX3Rlc3QiOiIxIiwiYnVpbGRfbmFtZSI6IldlYmRyaXZlcklPIiwicHJvZHVjdF9tYXAiOiJ7XCJvYnNlcnZhYmlsaXR5XCI6dHJ1ZSxcImF1dG9tYXRlXCI6dHJ1ZSxcIm9yaWdpbkZyb21Qcm9kdWN0TWFwXCI6XCJBdXRvbWF0ZVwiLFwiYnN0YWNrQXV0b21hdGlvblwiOnRydWUsXCJwcm9kdWN0RmlsdGVyU291cmNlXCI6dHJ1ZSxcImNhZFwiOnRydWV9IiwiZ3JyX3JlZ2lvbiI6IiIsImlzX2xvd192b2x1bWUiOmZhbHNlLCJzaWduaW5nX2tleV9oYXNoIjoiN2RmNmU2ODNjNjcwOTFiNmJjYWI0OTVlM2Y3ZjJhYTE2OWM3NWYzMWZiYWZhNTBmNDcwMjRjODFiOWU3MDUzZCIsImlhdCI6MTc0MDc5MTExMiwiZXhwIjoxNzQxMTM2NzEyfQ.8-AbtQxd6gDVHVgvhH0BSmXps4zXW6P0yZ4XXN0rSio","discard_build":null,"app_automate":null}
[90m2025-03-01T01:05:11.191Z[39m [96mINFO[39m [97m@wdio/browserstack-service[39m Testhub started with id: dpngwi4we6pshx14bbvv6zteqwweucyawlywgiwp
[90m2025-03-01T01:05:11.193Z[39m [96mINFO[39m [97m@wdio/browserstack-service[39m browserstackLocal is not enabled - skipping...
[90m2025-03-01T01:05:17.358Z[39m [32mDEBUG[39m [97m@wdio/browserstack-service[39m Skipping method: Console, exists: true, type: function
[90m2025-03-01T01:05:17.655Z[39m [32mDEBUG[39m [97m@wdio/browserstack-service[39m Requesting Browserstack session URL at https://api.browserstack.com/automate/sessions/fd1247250a8badc72053239f4a9c909c32d89703.json
[90m2025-03-01T01:05:17.869Z[39m [96mINFO[39m [97m@wdio/browserstack-service[39m chrome 133.0.6943.54 session: https://automate.browserstack.com/builds/b2716cb9d1b5beef79cb0673f4082d9d7ee47983/sessions/fd1247250a8badc72053239f4a9c909c32d89703
[90m2025-03-01T01:05:17.880Z[39m [96mINFO[39m [97m@wdio/browserstack-service[39m Update job with sessionId fd1247250a8badc72053239f4a9c909c32d89703
[90m2025-03-01T01:05:17.880Z[39m [32mDEBUG[39m [97m@wdio/browserstack-service[39m Updating Browserstack session at https://api.browserstack.com/automate/sessions/fd1247250a8badc72053239f4a9c909c32d89703.json with request body: 
[90m2025-03-01T01:05:18.194Z[39m [32mDEBUG[39m [97m@wdio/browserstack-service[39m Added data to request queue. Queue length = 1
[90m2025-03-01T01:05:18.814Z[39m [32mDEBUG[39m [97m@wdio/browserstack-service[39m Skipping method: Console, exists: true, type: function
[90m2025-03-01T01:05:19.139Z[39m [32mDEBUG[39m [97m@wdio/browserstack-service[39m Requesting Browserstack session URL at https://api.browserstack.com/automate/sessions/2bb10b84eabf65a4592fad366d77ba752f1f7026.json
[90m2025-03-01T01:05:19.169Z[39m [32mDEBUG[39m [97m@wdio/browserstack-service[39m Added data to request queue. Queue length = 2
[90m2025-03-01T01:05:19.170Z[39m [32mDEBUG[39m [97m@wdio/browserstack-service[39m Added data to request queue. Queue length = 3
[90m2025-03-01T01:05:19.171Z[39m [96mINFO[39m [97m@wdio/browserstack-service[39m Update job with sessionId fd1247250a8badc72053239f4a9c909c32d89703
[90m2025-03-01T01:05:19.171Z[39m [32mDEBUG[39m [97m@wdio/browserstack-service[39m Updating Browserstack session at https://api.browserstack.com/automate/sessions/fd1247250a8badc72053239f4a9c909c32d89703.json with request body: 
[90m2025-03-01T01:05:19.417Z[39m [96mINFO[39m [97m@wdio/browserstack-service[39m chrome 133.0.6943.54 session: https://automate.browserstack.com/builds/b2716cb9d1b5beef79cb0673f4082d9d7ee47983/sessions/2bb10b84eabf65a4592fad366d77ba752f1f7026
[90m2025-03-01T01:05:19.428Z[39m [96mINFO[39m [97m@wdio/browserstack-service[39m Update job with sessionId 2bb10b84eabf65a4592fad366d77ba752f1f7026
[90m2025-03-01T01:05:19.428Z[39m [32mDEBUG[39m [97m@wdio/browserstack-service[39m Updating Browserstack session at https://api.browserstack.com/automate/sessions/2bb10b84eabf65a4592fad366d77ba752f1f7026.json with request body: 
[90m2025-03-01T01:05:19.467Z[39m [32mDEBUG[39m [97m@wdio/browserstack-service[39m Added data to request queue. Queue length = 4
[90m2025-03-01T01:05:19.605Z[39m [32mDEBUG[39m [97m@wdio/browserstack-service[39m Added data to request queue. Queue length = 5
[90m2025-03-01T01:05:19.609Z[39m [32mDEBUG[39m [97m@wdio/browserstack-service[39m Added data to request queue. Queue length = 1
[90m2025-03-01T01:05:19.779Z[39m [32mDEBUG[39m [97m@wdio/browserstack-service[39m Added data to request queue. Queue length = 6
[90m2025-03-01T01:05:19.780Z[39m [32mDEBUG[39m [97m@wdio/browserstack-service[39m Accessibility after test hook. Before sending test stop event
[90m2025-03-01T01:05:19.780Z[39m [32mDEBUG[39m [97m@wdio/browserstack-service[39m Added data to request queue. Queue length = 7
[90m2025-03-01T01:05:19.784Z[39m [32mDEBUG[39m [97m@wdio/browserstack-service[39m Added data to request queue. Queue length = 8
[90m2025-03-01T01:05:19.873Z[39m [32mDEBUG[39m [97m@wdio/browserstack-service[39m Added data to request queue. Queue length = 2
[90m2025-03-01T01:05:20.205Z[39m [32mDEBUG[39m [97m@wdio/browserstack-service[39m Sending data from request queue. Data length = 8, Queue length after removal = 0
[90m2025-03-01T01:05:20.205Z[39m [32mDEBUG[39m [97m@wdio/browserstack-service[39m calling callback with kind INTERVAL_QUEUE
[90m2025-03-01T01:05:20.205Z[39m [32mDEBUG[39m [97m@wdio/browserstack-service[39m callback: called with events 8
[90m2025-03-01T01:05:20.547Z[39m [32mDEBUG[39m [97m@wdio/browserstack-service[39m [BATCH_DATA] Success response: {"success":true}
[90m2025-03-01T01:05:20.547Z[39m [32mDEBUG[39m [97m@wdio/browserstack-service[39m callback: marking events success 8
[90m2025-03-01T01:05:20.587Z[39m [32mDEBUG[39m [97m@wdio/browserstack-service[39m Added data to request queue. Queue length = 3
[90m2025-03-01T01:05:20.611Z[39m [32mDEBUG[39m [97m@wdio/browserstack-service[39m Added data to request queue. Queue length = 4
[90m2025-03-01T01:05:20.837Z[39m [32mDEBUG[39m [97m@wdio/browserstack-service[39m Added data to request queue. Queue length = 5
[90m2025-03-01T01:05:20.994Z[39m [32mDEBUG[39m [97m@wdio/browserstack-service[39m Added data to request queue. Queue length = 6
[90m2025-03-01T01:05:21.221Z[39m [32mDEBUG[39m [97m@wdio/browserstack-service[39m Added data to request queue. Queue length = 7
[90m2025-03-01T01:05:21.545Z[39m [32mDEBUG[39m [97m@wdio/browserstack-service[39m Added data to request queue. Queue length = 8
[90m2025-03-01T01:05:21.614Z[39m [32mDEBUG[39m [97m@wdio/browserstack-service[39m Sending data from request queue. Data length = 8, Queue length after removal = 0
[90m2025-03-01T01:05:21.614Z[39m [32mDEBUG[39m [97m@wdio/browserstack-service[39m calling callback with kind INTERVAL_QUEUE
[90m2025-03-01T01:05:21.614Z[39m [32mDEBUG[39m [97m@wdio/browserstack-service[39m callback: called with events 8
[90m2025-03-01T01:05:21.687Z[39m [32mDEBUG[39m [97m@wdio/browserstack-service[39m Added data to request queue. Queue length = 1
[90m2025-03-01T01:05:21.839Z[39m [32mDEBUG[39m [97m@wdio/browserstack-service[39m Added data to request queue. Queue length = 1
[90m2025-03-01T01:05:21.840Z[39m [32mDEBUG[39m [97m@wdio/browserstack-service[39m Added data to request queue. Queue length = 2
[90m2025-03-01T01:05:21.841Z[39m [96mINFO[39m [97m@wdio/browserstack-service[39m Update job with sessionId fd1247250a8badc72053239f4a9c909c32d89703
[90m2025-03-01T01:05:21.841Z[39m [32mDEBUG[39m [97m@wdio/browserstack-service[39m Updating Browserstack session at https://api.browserstack.com/automate/sessions/fd1247250a8badc72053239f4a9c909c32d89703.json with request body: 
[90m2025-03-01T01:05:21.967Z[39m [32mDEBUG[39m [97m@wdio/browserstack-service[39m [BATCH_DATA] Success response: {"success":true}
[90m2025-03-01T01:05:21.967Z[39m [32mDEBUG[39m [97m@wdio/browserstack-service[39m callback: marking events success 8
[90m2025-03-01T01:05:22.121Z[39m [32mDEBUG[39m [97m@wdio/browserstack-service[39m Added data to request queue. Queue length = 3
[90m2025-03-01T01:05:22.207Z[39m [32mDEBUG[39m [97m@wdio/browserstack-service[39m Sending data from request queue. Data length = 3, Queue length after removal = 0
[90m2025-03-01T01:05:22.207Z[39m [32mDEBUG[39m [97m@wdio/browserstack-service[39m calling callback with kind INTERVAL_QUEUE
[90m2025-03-01T01:05:22.207Z[39m [32mDEBUG[39m [97m@wdio/browserstack-service[39m callback: called with events 3
[90m2025-03-01T01:05:22.218Z[39m [32mDEBUG[39m [97m@wdio/browserstack-service[39m Added data to request queue. Queue length = 2
[90m2025-03-01T01:05:22.329Z[39m [32mDEBUG[39m [97m@wdio/browserstack-service[39m [BATCH_DATA] Success response: {"success":true}
[90m2025-03-01T01:05:22.329Z[39m [32mDEBUG[39m [97m@wdio/browserstack-service[39m callback: marking events success 3
[90m2025-03-01T01:05:22.471Z[39m [32mDEBUG[39m [97m@wdio/browserstack-service[39m Added data to request queue. Queue length = 1
[90m2025-03-01T01:05:22.521Z[39m [32mDEBUG[39m [97m@wdio/browserstack-service[39m Added data to request queue. Queue length = 2
[90m2025-03-01T01:05:22.561Z[39m [32mDEBUG[39m [97m@wdio/browserstack-service[39m Added data to request queue. Queue length = 3
[90m2025-03-01T01:05:22.719Z[39m [32mDEBUG[39m [97m@wdio/browserstack-service[39m Added data to request queue. Queue length = 3
[90m2025-03-01T01:05:22.751Z[39m [32mDEBUG[39m [97m@wdio/browserstack-service[39m Added data to request queue. Queue length = 4
[90m2025-03-01T01:05:23.049Z[39m [32mDEBUG[39m [97m@wdio/browserstack-service[39m Added data to request queue. Queue length = 5
[90m2025-03-01T01:05:23.237Z[39m [32mDEBUG[39m [97m@wdio/browserstack-service[39m Added data to request queue. Queue length = 4
[90m2025-03-01T01:05:23.616Z[39m [32mDEBUG[39m [97m@wdio/browserstack-service[39m Sending data from request queue. Data length = 4, Queue length after removal = 0
[90m2025-03-01T01:05:23.617Z[39m [32mDEBUG[39m [97m@wdio/browserstack-service[39m calling callback with kind INTERVAL_QUEUE
[90m2025-03-01T01:05:23.617Z[39m [32mDEBUG[39m [97m@wdio/browserstack-service[39m callback: called with events 4
[90m2025-03-01T01:05:23.731Z[39m [32mDEBUG[39m [97m@wdio/browserstack-service[39m Added data to request queue. Queue length = 1
[90m2025-03-01T01:05:23.812Z[39m [32mDEBUG[39m [97m@wdio/browserstack-service[39m [BATCH_DATA] Success response: {"success":true}
[90m2025-03-01T01:05:23.812Z[39m [32mDEBUG[39m [97m@wdio/browserstack-service[39m callback: marking events success 4
[90m2025-03-01T01:05:24.209Z[39m [32mDEBUG[39m [97m@wdio/browserstack-service[39m Added data to request queue. Queue length = 2
[90m2025-03-01T01:05:24.220Z[39m [32mDEBUG[39m [97m@wdio/browserstack-service[39m Sending data from request queue. Data length = 5, Queue length after removal = 0
[90m2025-03-01T01:05:24.220Z[39m [32mDEBUG[39m [97m@wdio/browserstack-service[39m calling callback with kind INTERVAL_QUEUE
[90m2025-03-01T01:05:24.220Z[39m [32mDEBUG[39m [97m@wdio/browserstack-service[39m callback: called with events 5
[90m2025-03-01T01:05:24.404Z[39m [32mDEBUG[39m [97m@wdio/browserstack-service[39m [BATCH_DATA] Success response: {"success":true}
[90m2025-03-01T01:05:24.405Z[39m [32mDEBUG[39m [97m@wdio/browserstack-service[39m callback: marking events success 5
[90m2025-03-01T01:05:24.690Z[39m [32mDEBUG[39m [97m@wdio/browserstack-service[39m Added data to request queue. Queue length = 3
[90m2025-03-01T01:05:25.233Z[39m [32mDEBUG[39m [97m@wdio/browserstack-service[39m Added data to request queue. Queue length = 4
[90m2025-03-01T01:05:25.571Z[39m [32mDEBUG[39m [97m@wdio/browserstack-service[39m Added data to request queue. Queue length = 1
[90m2025-03-01T01:05:25.630Z[39m [32mDEBUG[39m [97m@wdio/browserstack-service[39m Sending data from request queue. Data length = 4, Queue length after removal = 0
[90m2025-03-01T01:05:25.630Z[39m [32mDEBUG[39m [97m@wdio/browserstack-service[39m calling callback with kind INTERVAL_QUEUE
[90m2025-03-01T01:05:25.630Z[39m [32mDEBUG[39m [97m@wdio/browserstack-service[39m callback: called with events 4
[90m2025-03-01T01:05:25.745Z[39m [32mDEBUG[39m [97m@wdio/browserstack-service[39m [BATCH_DATA] Success response: {"success":true}
[90m2025-03-01T01:05:25.746Z[39m [32mDEBUG[39m [97m@wdio/browserstack-service[39m callback: marking events success 4
[90m2025-03-01T01:05:25.780Z[39m [32mDEBUG[39m [97m@wdio/browserstack-service[39m Added data to request queue. Queue length = 2
[90m2025-03-01T01:05:25.835Z[39m [32mDEBUG[39m [97m@wdio/browserstack-service[39m Added data to request queue. Queue length = 1
[90m2025-03-01T01:05:25.984Z[39m [32mDEBUG[39m [97m@wdio/browserstack-service[39m Added data to request queue. Queue length = 3
[90m2025-03-01T01:05:26.151Z[39m [32mDEBUG[39m [97m@wdio/browserstack-service[39m Added data to request queue. Queue length = 4
[90m2025-03-01T01:05:26.231Z[39m [32mDEBUG[39m [97m@wdio/browserstack-service[39m Sending data from request queue. Data length = 4, Queue length after removal = 0
[90m2025-03-01T01:05:26.231Z[39m [32mDEBUG[39m [97m@wdio/browserstack-service[39m calling callback with kind INTERVAL_QUEUE
[90m2025-03-01T01:05:26.231Z[39m [32mDEBUG[39m [97m@wdio/browserstack-service[39m callback: called with events 4
[90m2025-03-01T01:05:26.233Z[39m [32mDEBUG[39m [97m@wdio/browserstack-service[39m Added data to request queue. Queue length = 2
[90m2025-03-01T01:05:26.285Z[39m [32mDEBUG[39m [97m@wdio/browserstack-service[39m Added data to request queue. Queue length = 1
[90m2025-03-01T01:05:26.287Z[39m [32mDEBUG[39m [97m@wdio/browserstack-service[39m Accessibility after test hook. Before sending test stop event
[90m2025-03-01T01:05:26.287Z[39m [32mDEBUG[39m [97m@wdio/browserstack-service[39m Added data to request queue. Queue length = 2
[90m2025-03-01T01:05:26.291Z[39m [32mDEBUG[39m [97m@wdio/browserstack-service[39m Added data to request queue. Queue length = 3
[90m2025-03-01T01:05:26.369Z[39m [32mDEBUG[39m [97m@wdio/browserstack-service[39m [BATCH_DATA] Success response: {"success":true}
[90m2025-03-01T01:05:26.370Z[39m [32mDEBUG[39m [97m@wdio/browserstack-service[39m callback: marking events success 4
[90m2025-03-01T01:05:26.708Z[39m [32mDEBUG[39m [97m@wdio/browserstack-service[39m Added data to request queue. Queue length = 3
[90m2025-03-01T01:05:27.189Z[39m [32mDEBUG[39m [97m@wdio/browserstack-service[39m Added data to request queue. Queue length = 4
[90m2025-03-01T01:05:27.643Z[39m [32mDEBUG[39m [97m@wdio/browserstack-service[39m Sending data from request queue. Data length = 4, Queue length after removal = 0
[90m2025-03-01T01:05:27.643Z[39m [32mDEBUG[39m [97m@wdio/browserstack-service[39m calling callback with kind INTERVAL_QUEUE
[90m2025-03-01T01:05:27.643Z[39m [32mDEBUG[39m [97m@wdio/browserstack-service[39m callback: called with events 4
[90m2025-03-01T01:05:27.688Z[39m [32mDEBUG[39m [97m@wdio/browserstack-service[39m Added data to request queue. Queue length = 1
[90m2025-03-01T01:05:27.782Z[39m [32mDEBUG[39m [97m@wdio/browserstack-service[39m [BATCH_DATA] Success response: {"success":true}
[90m2025-03-01T01:05:27.782Z[39m [32mDEBUG[39m [97m@wdio/browserstack-service[39m callback: marking events success 4
[90m2025-03-01T01:05:28.039Z[39m [32mDEBUG[39m [97m@wdio/browserstack-service[39m Added data to request queue. Queue length = 4
[90m2025-03-01T01:05:28.039Z[39m [32mDEBUG[39m [97m@wdio/browserstack-service[39m Added data to request queue. Queue length = 5
[90m2025-03-01T01:05:28.040Z[39m [96mINFO[39m [97m@wdio/browserstack-service[39m Update job with sessionId fd1247250a8badc72053239f4a9c909c32d89703
[90m2025-03-01T01:05:28.040Z[39m [32mDEBUG[39m [97m@wdio/browserstack-service[39m Updating Browserstack session at https://api.browserstack.com/automate/sessions/fd1247250a8badc72053239f4a9c909c32d89703.json with request body: 
[90m2025-03-01T01:05:28.244Z[39m [32mDEBUG[39m [97m@wdio/browserstack-service[39m Sending data from request queue. Data length = 5, Queue length after removal = 0
[90m2025-03-01T01:05:28.245Z[39m [32mDEBUG[39m [97m@wdio/browserstack-service[39m calling callback with kind INTERVAL_QUEUE
[90m2025-03-01T01:05:28.245Z[39m [32mDEBUG[39m [97m@wdio/browserstack-service[39m callback: called with events 5
[90m2025-03-01T01:05:28.282Z[39m [32mDEBUG[39m [97m@wdio/browserstack-service[39m Added data to request queue. Queue length = 2
[90m2025-03-01T01:05:28.368Z[39m [32mDEBUG[39m [97m@wdio/browserstack-service[39m [BATCH_DATA] Success response: {"success":true}
[90m2025-03-01T01:05:28.369Z[39m [32mDEBUG[39m [97m@wdio/browserstack-service[39m callback: marking events success 5
[90m2025-03-01T01:05:28.412Z[39m [32mDEBUG[39m [97m@wdio/browserstack-service[39m Added data to request queue. Queue length = 1
[90m2025-03-01T01:05:28.601Z[39m [32mDEBUG[39m [97m@wdio/browserstack-service[39m Added data to request queue. Queue length = 2
[90m2025-03-01T01:05:28.714Z[39m [32mDEBUG[39m [97m@wdio/browserstack-service[39m Added data to request queue. Queue length = 3
[90m2025-03-01T01:05:28.750Z[39m [32mDEBUG[39m [97m@wdio/browserstack-service[39m Added data to request queue. Queue length = 3
[90m2025-03-01T01:05:29.047Z[39m [32mDEBUG[39m [97m@wdio/browserstack-service[39m Added data to request queue. Queue length = 4
[90m2025-03-01T01:05:29.217Z[39m [32mDEBUG[39m [97m@wdio/browserstack-service[39m Added data to request queue. Queue length = 4
[90m2025-03-01T01:05:29.241Z[39m [32mDEBUG[39m [97m@wdio/browserstack-service[39m Added data to request queue. Queue length = 5
[90m2025-03-01T01:05:29.449Z[39m [32mDEBUG[39m [97m@wdio/browserstack-service[39m Added data to request queue. Queue length = 6
[90m2025-03-01T01:05:29.484Z[39m [32mDEBUG[39m [97m@wdio/browserstack-service[39m Added data to request queue. Queue length = 7
[90m2025-03-01T01:05:29.571Z[39m [32mDEBUG[39m [97m@wdio/browserstack-service[39m Added data to request queue. Queue length = 8
[90m2025-03-01T01:05:29.648Z[39m [32mDEBUG[39m [97m@wdio/browserstack-service[39m Sending data from request queue. Data length = 4, Queue length after removal = 0
[90m2025-03-01T01:05:29.648Z[39m [32mDEBUG[39m [97m@wdio/browserstack-service[39m calling callback with kind INTERVAL_QUEUE
[90m2025-03-01T01:05:29.648Z[39m [32mDEBUG[39m [97m@wdio/browserstack-service[39m callback: called with events 4
[90m2025-03-01T01:05:29.725Z[39m [32mDEBUG[39m [97m@wdio/browserstack-service[39m Added data to request queue. Queue length = 1
[90m2025-03-01T01:05:29.767Z[39m [32mDEBUG[39m [97m@wdio/browserstack-service[39m [BATCH_DATA] Success response: {"success":true}
[90m2025-03-01T01:05:29.767Z[39m [32mDEBUG[39m [97m@wdio/browserstack-service[39m callback: marking events success 4
[90m2025-03-01T01:05:30.189Z[39m [32mDEBUG[39m [97m@wdio/browserstack-service[39m Added data to request queue. Queue length = 2
[90m2025-03-01T01:05:30.253Z[39m [32mDEBUG[39m [97m@wdio/browserstack-service[39m Sending data from request queue. Data length = 8, Queue length after removal = 0
[90m2025-03-01T01:05:30.253Z[39m [32mDEBUG[39m [97m@wdio/browserstack-service[39m calling callback with kind INTERVAL_QUEUE
[90m2025-03-01T01:05:30.253Z[39m [32mDEBUG[39m [97m@wdio/browserstack-service[39m callback: called with events 8
[90m2025-03-01T01:05:30.384Z[39m [32mDEBUG[39m [97m@wdio/browserstack-service[39m [BATCH_DATA] Success response: {"success":true}
[90m2025-03-01T01:05:30.384Z[39m [32mDEBUG[39m [97m@wdio/browserstack-service[39m callback: marking events success 8
[90m2025-03-01T01:05:30.716Z[39m [32mDEBUG[39m [97m@wdio/browserstack-service[39m Added data to request queue. Queue length = 3
[90m2025-03-01T01:05:31.205Z[39m [32mDEBUG[39m [97m@wdio/browserstack-service[39m Added data to request queue. Queue length = 4
[90m2025-03-01T01:05:31.651Z[39m [32mDEBUG[39m [97m@wdio/browserstack-service[39m Added data to request queue. Queue length = 5
[90m2025-03-01T01:05:31.651Z[39m [32mDEBUG[39m [97m@wdio/browserstack-service[39m Added data to request queue. Queue length = 6
[90m2025-03-01T01:05:31.651Z[39m [32mDEBUG[39m [97m@wdio/browserstack-service[39m Added data to request queue. Queue length = 7
[90m2025-03-01T01:05:31.657Z[39m [32mDEBUG[39m [97m@wdio/browserstack-service[39m Sending data from request queue. Data length = 7, Queue length after removal = 0
[90m2025-03-01T01:05:31.657Z[39m [32mDEBUG[39m [97m@wdio/browserstack-service[39m calling callback with kind INTERVAL_QUEUE
[90m2025-03-01T01:05:31.657Z[39m [32mDEBUG[39m [97m@wdio/browserstack-service[39m callback: called with events 7
[90m2025-03-01T01:05:31.660Z[39m [96mINFO[39m [97m@wdio/browserstack-service[39m Update job with sessionId 2bb10b84eabf65a4592fad366d77ba752f1f7026
[90m2025-03-01T01:05:31.660Z[39m [32mDEBUG[39m [97m@wdio/browserstack-service[39m Updating Browserstack session at https://api.browserstack.com/automate/sessions/2bb10b84eabf65a4592fad366d77ba752f1f7026.json with request body: 
[90m2025-03-01T01:05:31.781Z[39m [32mDEBUG[39m [97m@wdio/browserstack-service[39m [BATCH_DATA] Success response: {"success":true}
[90m2025-03-01T01:05:31.781Z[39m [32mDEBUG[39m [97m@wdio/browserstack-service[39m callback: marking events success 7
[90m2025-03-01T01:05:31.988Z[39m [32mDEBUG[39m [97m@wdio/browserstack-service[39m teardown started
[90m2025-03-01T01:05:31.988Z[39m [32mDEBUG[39m [97m@wdio/browserstack-service[39m shutdown started
[90m2025-03-01T01:05:31.988Z[39m [32mDEBUG[39m [97m@wdio/browserstack-service[39m Shutting down request queue
[90m2025-03-01T01:05:31.988Z[39m [32mDEBUG[39m [97m@wdio/browserstack-service[39m shutdown ended
[90m2025-03-01T01:05:31.988Z[39m [32mDEBUG[39m [97m@wdio/browserstack-service[39m teardown ended
[90m2025-03-01T01:05:32.279Z[39m [32mDEBUG[39m [97m@wdio/browserstack-service[39m Added data to request queue. Queue length = 1
[90m2025-03-01T01:05:32.286Z[39m [32mDEBUG[39m [97m@wdio/browserstack-service[39m Added data to request queue. Queue length = 2
[90m2025-03-01T01:05:32.303Z[39m [32mDEBUG[39m [97m@wdio/browserstack-service[39m Added data to request queue. Queue length = 3
[90m2025-03-01T01:05:32.503Z[39m [32mDEBUG[39m [97m@wdio/browserstack-service[39m Added data to request queue. Queue length = 1
[90m2025-03-01T01:05:32.503Z[39m [32mDEBUG[39m [97m@wdio/browserstack-service[39m Force request-queue shutdown, as test run event is received after teardown
[90m2025-03-01T01:05:32.503Z[39m [32mDEBUG[39m [97m@wdio/browserstack-service[39m Sending data from request queue. Data length = 1, Queue length after removal = 0
[90m2025-03-01T01:05:32.503Z[39m [32mDEBUG[39m [97m@wdio/browserstack-service[39m calling callback with kind INTERVAL_QUEUE
[90m2025-03-01T01:05:32.503Z[39m [32mDEBUG[39m [97m@wdio/browserstack-service[39m callback: called with events 1
[90m2025-03-01T01:05:32.616Z[39m [32mDEBUG[39m [97m@wdio/browserstack-service[39m Added data to request queue. Queue length = 4
[90m2025-03-01T01:05:32.653Z[39m [32mDEBUG[39m [97m@wdio/browserstack-service[39m Added data to request queue. Queue length = 5
[90m2025-03-01T01:05:32.686Z[39m [32mDEBUG[39m [97m@wdio/browserstack-service[39m Added data to request queue. Queue length = 6
[90m2025-03-01T01:05:32.776Z[39m [32mDEBUG[39m [97m@wdio/browserstack-service[39m Added data to request queue. Queue length = 7
[90m2025-03-01T01:05:32.814Z[39m [32mDEBUG[39m [97m@wdio/browserstack-service[39m Added data to request queue. Queue length = 8
[90m2025-03-01T01:05:32.824Z[39m [32mDEBUG[39m [97m@wdio/browserstack-service[39m Added data to request queue. Queue length = 9
[90m2025-03-01T01:05:32.904Z[39m [32mDEBUG[39m [97m@wdio/browserstack-service[39m Added data to request queue. Queue length = 10
[90m2025-03-01T01:05:32.968Z[39m [32mDEBUG[39m [97m@wdio/browserstack-service[39m Added data to request queue. Queue length = 11
[90m2025-03-01T01:05:32.995Z[39m [32mDEBUG[39m [97m@wdio/browserstack-service[39m Added data to request queue. Queue length = 12
[90m2025-03-01T01:05:33.129Z[39m [32mDEBUG[39m [97m@wdio/browserstack-service[39m Added data to request queue. Queue length = 13
[90m2025-03-01T01:05:33.155Z[39m [32mDEBUG[39m [97m@wdio/browserstack-service[39m Added data to request queue. Queue length = 14
[90m2025-03-01T01:05:33.156Z[39m [32mDEBUG[39m [97m@wdio/browserstack-service[39m Accessibility after test hook. Before sending test stop event
[90m2025-03-01T01:05:33.157Z[39m [32mDEBUG[39m [97m@wdio/browserstack-service[39m Added data to request queue. Queue length = 15
[90m2025-03-01T01:05:33.170Z[39m [96mINFO[39m [97m@wdio/browserstack-service[39m Update job with sessionId fd1247250a8badc72053239f4a9c909c32d89703
[90m2025-03-01T01:05:33.170Z[39m [32mDEBUG[39m [97m@wdio/browserstack-service[39m Updating Browserstack session at https://api.browserstack.com/automate/sessions/fd1247250a8badc72053239f4a9c909c32d89703.json with request body: 
[90m2025-03-01T01:05:33.454Z[39m [32mDEBUG[39m [97m@wdio/browserstack-service[39m teardown started
[90m2025-03-01T01:05:33.454Z[39m [32mDEBUG[39m [97m@wdio/browserstack-service[39m shutdown started
[90m2025-03-01T01:05:33.454Z[39m [32mDEBUG[39m [97m@wdio/browserstack-service[39m Shutting down request queue
[90m2025-03-01T01:05:33.454Z[39m [32mDEBUG[39m [97m@wdio/browserstack-service[39m calling callback with kind SHUTDOWN_QUEUE
[90m2025-03-01T01:05:33.454Z[39m [32mDEBUG[39m [97m@wdio/browserstack-service[39m callback: called with events 15
[90m2025-03-01T01:05:33.592Z[39m [32mDEBUG[39m [97m@wdio/browserstack-service[39m [BATCH_DATA] Success response: {"success":true}
[90m2025-03-01T01:05:33.592Z[39m [32mDEBUG[39m [97m@wdio/browserstack-service[39m callback: marking events success 15
[90m2025-03-01T01:05:33.592Z[39m [32mDEBUG[39m [97m@wdio/browserstack-service[39m shutdown ended
[90m2025-03-01T01:05:33.592Z[39m [32mDEBUG[39m [97m@wdio/browserstack-service[39m teardown ended
[90m2025-03-01T01:05:34.187Z[39m [32mDEBUG[39m [97m@wdio/browserstack-service[39m Added data to request queue. Queue length = 1
[90m2025-03-01T01:05:34.187Z[39m [32mDEBUG[39m [97m@wdio/browserstack-service[39m Force request-queue shutdown, as test run event is received after teardown
[90m2025-03-01T01:05:34.187Z[39m [32mDEBUG[39m [97m@wdio/browserstack-service[39m Sending data from request queue. Data length = 1, Queue length after removal = 0
[90m2025-03-01T01:05:34.187Z[39m [32mDEBUG[39m [97m@wdio/browserstack-service[39m calling callback with kind INTERVAL_QUEUE
[90m2025-03-01T01:05:34.187Z[39m [32mDEBUG[39m [97m@wdio/browserstack-service[39m callback: called with events 1
[90m2025-03-01T01:05:34.601Z[39m [32mDEBUG[39m [97m@wdio/browserstack-service[39m Inside OnComplete hook..
[90m2025-03-01T01:05:34.601Z[39m [32mDEBUG[39m [97m@wdio/browserstack-service[39m Sending stop launch event
[90m2025-03-01T01:05:34.937Z[39m [32mDEBUG[39m [97m@wdio/browserstack-service[39m [STOP_BUILD] Success response: 
[90m2025-03-01T01:05:34.944Z[39m [96mINFO[39m [97m@wdio/browserstack-service[39m BrowserStack service run ended for id: d4e36a71-6e98-4183-82f1-067fa65fff08 testhub id: dpngwi4we6pshx14bbvv6zteqwweucyawlywgiwp
[90m2025-03-01T01:05:34.946Z[39m [32mDEBUG[39m [97m@wdio/browserstack-service[39m Reading worker file worker-data-21228.json
[90m2025-03-01T01:05:34.947Z[39m [32mDEBUG[39m [97m@wdio/browserstack-service[39m Reading worker file worker-data-31180.json
[90m2025-03-01T01:05:34.962Z[39m [32mDEBUG[39m [97m@wdio/browserstack-service[39m Sending SDK event with data {
  userName: '[REDACTED]',
  accessKey: '[REDACTED]',
  event_type: 'SDKTestSuccessful',
  detectedFramework: 'WebdriverIO-mocha',
  event_properties: {
    sdkRunId: 'd4e36a71-6e98-4183-82f1-067fa65fff08',
    testhub_uuid: 'dpngwi4we6pshx14bbvv6zteqwweucyawlywgiwp',
    language_framework: 'WebdriverIO_mocha',
    referrer: 'WebdriverIO-mocha/9.10.0',
    language: 'WebdriverIO',
    languageVersion: 'v22.5.1',
    buildName: 'undefined',
    buildIdentifier: 'undefined',
    os: 'Windows_NT',
    hostname: 'ASUS',
    productMap: {
      observability: true,
      accessibility: false,
      percy: false,
      automate: true,
      app_automate: false
    },
    product: [ 'observability', 'automate' ],
    framework: 'mocha',
    productUsage: {
      testObservability: {
        enabled: true,
        manuallySet: false,
        buildHashedId: 'dpngwi4we6pshx14bbvv6zteqwweucyawlywgiwp',
        events: {
          buildEvents: {
            started: { isTriggered: true, status: 'success', error: undefined },
            finished: { isTriggered: true, status: 'success', error: undefined }
          },
          testEvents: {
            started: { triggeredCount: 3, sentCount: 3, failedCount: 0 },
            finished: { triggeredCount: 5, sentCount: 5, failedCount: 0 },
            passed: { triggeredCount: 3, sentCount: 3, failedCount: 0 },
            skipped: { triggeredCount: 2, sentCount: 2, failedCount: 0 }
          },
          hookEvents: {
            started: { triggeredCount: 4, sentCount: 4, failedCount: 0 },
            finished: { triggeredCount: 4, sentCount: 4, failedCount: 0 },
            passed: { triggeredCount: 3, sentCount: 3, failedCount: 0 },
            failed: { triggeredCount: 1, sentCount: 1, failedCount: 0 }
          },
          logEvents: {
            triggeredCount: 63,
            sentCount: 63,
            failedCount: 0,
            http: { triggeredCount: 63, sentCount: 63, failedCount: 0 }
          },
          cbtSessionEvents: { triggeredCount: 0, sentCount: 0, failedCount: 0 }
        }
      }
    }
  }
}
[90m2025-03-01T01:05:35.211Z[39m [32mDEBUG[39m [97m@wdio/browserstack-service[39m Funnel Event Response: "{\"message\":\"SDK Event recorded successfully\"}"
[90m2025-03-01T01:05:35.211Z[39m [32mDEBUG[39m [97m@wdio/browserstack-service[39m Funnel event success
[90m2025-03-01T01:05:35.988Z[39m [96mINFO[39m [97m@wdio/browserstack-service[39m Upload response: {
  "status": "success",
  "message": "Logs upload successful in file - logs.gz"
}
2025-03-01T01:05:37.073Z DEBUG @wdio/browserstack-service Successfully uploaded performance events Bravo
